#
# There is insufficient memory for the Java Runtime Environment to continue.
# Native memory allocation (mmap) failed to map 232783872 bytes for Failed to commit area from 0x0000000722400000 to 0x0000000730200000 of length 232783872.
# Possible reasons:
#   The system is out of physical RAM or swap space
#   The process is running with CompressedOops enabled, and the Java Heap may be blocking the growth of the native heap
# Possible solutions:
#   Reduce memory load on the system
#   Increase physical memory or swap space
#   Check if swap backing store is full
#   Decrease Java heap size (-Xmx/-Xms)
#   Decrease number of Java threads
#   Decrease Java thread stack sizes (-Xss)
#   Set larger code cache with -XX:ReservedCodeCacheSize=
# This output file may be truncated or incomplete.
#
#  Out of Memory Error (src/hotspot/os/windows/os_windows.cpp:3627), pid=13848, tid=37564
#
# JRE version:  (11.0.15) (build )
# Java VM: OpenJDK 64-Bit Server VM (11.0.15+0-b2043.56-8887301, mixed mode, sharing, tiered, compressed oops, g1 gc, windows-amd64)
# No core dump will be written. Minidumps are not enabled by default on client versions of Windows
#

---------------  S U M M A R Y ------------

Command Line: git4idea.http.GitAskPassApp Username for 'https://github.com': 

Host: AMD Ryzen 5 5600H with Radeon Graphics         , 12 cores, 13G,  Windows 10 , 64 bit Build 19041 (10.0.19041.3636)
Time: Fri Jan 19 11:07:09 2024 Central Europe Standard Time elapsed time: 0.036709 seconds (0d 0h 0m 0s)

---------------  T H R E A D  ---------------

Current thread (0x0000022062dca800):  JavaThread "Unknown thread" [_thread_in_vm, id=37564, stack(0x000000569c600000,0x000000569c700000)]

Stack: [0x000000569c600000,0x000000569c700000]
Native frames: (J=compiled Java code, j=interpreted, Vv=VM code, C=native code)
V  [jvm.dll+0x64135a]
V  [jvm.dll+0x7d39f9]
V  [jvm.dll+0x7d51b9]
V  [jvm.dll+0x7d58a3]
V  [jvm.dll+0x2691c5]
V  [jvm.dll+0x63e4e9]
V  [jvm.dll+0x632985]
V  [jvm.dll+0x3231ac]
V  [jvm.dll+0x323032]
V  [jvm.dll+0x327c06]
V  [jvm.dll+0x36ffa2]
V  [jvm.dll+0x36fa01]
V  [jvm.dll+0x2fea28]
V  [jvm.dll+0x2ffb25]
V  [jvm.dll+0x7accd7]
V  [jvm.dll+0x7ae49f]
V  [jvm.dll+0x37d299]
V  [jvm.dll+0x78ef9f]
V  [jvm.dll+0x3ec847]
V  [jvm.dll+0x3eed31]
C  [jli.dll+0x52cb]
C  [ucrtbase.dll+0x21bb2]
C  [KERNEL32.DLL+0x17344]
C  [ntdll.dll+0x526b1]


---------------  P R O C E S S  ---------------

Threads class SMR info:
_java_thread_list=0x0000022062c21570, length=0, elements={
}

Java Threads: ( => current thread )

Other Threads:
  0x0000022062de4800 GCTaskThread "GC Thread#0" [stack: 0x000000569c700000,0x000000569c800000] [id=9196]
  0x0000022062e37800 ConcurrentGCThread "G1 Main Marker" [stack: 0x000000569c800000,0x000000569c900000] [id=33092]
  0x0000022062e39000 ConcurrentGCThread "G1 Conc#0" [stack: 0x000000569c900000,0x000000569ca00000] [id=7616]

[error occurred during error reporting (printing all threads), id 0xc0000005, EXCEPTION_ACCESS_VIOLATION (0xc0000005) at pc=0x00007fffe4b2f3e7]

VM state:not at safepoint (not fully initialized)

VM Mutex/Monitor currently owned by a thread:  ([mutex/lock_event])
[0x0000022062dc6220] Heap_lock - owner thread: 0x0000022062dca800

Heap address: 0x0000000722400000, size: 3548 MB, Compressed Oops mode: Non-zero based: 0x0000000722400000
Narrow klass base: 0x0000000000000000, Narrow klass shift: 0

GC Heap History (0 events):
No events

Deoptimization events (0 events):
No events

Classes redefined (0 events):
No events

Internal exceptions (0 events):
No events

Events (1 events):
Event: 0.025 Loaded shared library C:\Program Files\Android\Android Studio1\jbr\bin\zip.dll


Dynamic libraries:
0x00007ff689630000 - 0x00007ff68963a000 	C:\Program Files\Android\Android Studio1\jbr\bin\java.exe
0x00007ff885270000 - 0x00007ff885468000 	C:\WINDOWS\SYSTEM32\ntdll.dll
0x00007ff884930000 - 0x00007ff8849ed000 	C:\WINDOWS\System32\KERNEL32.DLL
0x00007ff882b40000 - 0x00007ff882e36000 	C:\WINDOWS\System32\KERNELBASE.dll
0x00007ff883170000 - 0x00007ff883270000 	C:\WINDOWS\System32\ucrtbase.dll
0x00007ff8463b0000 - 0x00007ff8463cb000 	C:\Program Files\Android\Android Studio1\jbr\bin\VCRUNTIME140.dll
0x00007ff84bf10000 - 0x00007ff84bf27000 	C:\Program Files\Android\Android Studio1\jbr\bin\jli.dll
0x00007ff8843a0000 - 0x00007ff88453e000 	C:\WINDOWS\System32\USER32.dll
0x00007ff8829e0000 - 0x00007ff882a02000 	C:\WINDOWS\System32\win32u.dll
0x00007ff86e300000 - 0x00007ff86e59a000 	C:\WINDOWS\WinSxS\amd64_microsoft.windows.common-controls_6595b64144ccf1df_6.0.19041.3636_none_60b6a03d71f818d5\COMCTL32.dll
0x00007ff884900000 - 0x00007ff88492c000 	C:\WINDOWS\System32\GDI32.dll
0x00007ff8836a0000 - 0x00007ff88373e000 	C:\WINDOWS\System32\msvcrt.dll
0x00007ff882fa0000 - 0x00007ff8830ba000 	C:\WINDOWS\System32\gdi32full.dll
0x00007ff882aa0000 - 0x00007ff882b3d000 	C:\WINDOWS\System32\msvcp_win.dll
0x00007ff8851a0000 - 0x00007ff8851d0000 	C:\WINDOWS\System32\IMM32.DLL
0x00007ff823a20000 - 0x00007ff823aad000 	C:\Program Files\Android\Android Studio1\jbr\bin\msvcp140.dll
0x00007ff86b8e0000 - 0x00007ff86b8ec000 	C:\WINDOWS\SYSTEM32\VCRUNTIME140_1.dll
0x00007fffe4820000 - 0x00007fffe53dc000 	C:\Program Files\Android\Android Studio1\jbr\bin\server\jvm.dll
0x00007ff8834f0000 - 0x00007ff8835a3000 	C:\WINDOWS\System32\ADVAPI32.dll
0x00007ff8832c0000 - 0x00007ff88335f000 	C:\WINDOWS\System32\sechost.dll
0x00007ff884540000 - 0x00007ff884666000 	C:\WINDOWS\System32\RPCRT4.dll
0x00007ff882940000 - 0x00007ff882967000 	C:\WINDOWS\System32\bcrypt.dll
0x00007ff8837b0000 - 0x00007ff8837b8000 	C:\WINDOWS\System32\PSAPI.DLL
0x00007ff876b60000 - 0x00007ff876b87000 	C:\WINDOWS\SYSTEM32\WINMM.dll
0x00007ff881610000 - 0x00007ff88161a000 	C:\WINDOWS\SYSTEM32\VERSION.dll
0x00007ff866420000 - 0x00007ff866429000 	C:\WINDOWS\SYSTEM32\WSOCK32.dll
0x00007ff883740000 - 0x00007ff8837ab000 	C:\WINDOWS\System32\WS2_32.dll
0x00007ff881560000 - 0x00007ff881572000 	C:\WINDOWS\SYSTEM32\kernel.appcore.dll
0x00007ff8797a0000 - 0x00007ff8797b0000 	C:\Program Files\Android\Android Studio1\jbr\bin\verify.dll
0x00007ff8803b0000 - 0x00007ff880594000 	C:\WINDOWS\SYSTEM32\DBGHELP.DLL
0x00007ff86a3a0000 - 0x00007ff86a3d4000 	C:\WINDOWS\SYSTEM32\dbgcore.DLL
0x00007ff882a10000 - 0x00007ff882a92000 	C:\WINDOWS\System32\bcryptPrimitives.dll
0x00007ff84b320000 - 0x00007ff84b348000 	C:\Program Files\Android\Android Studio1\jbr\bin\java.dll
0x00007ff879770000 - 0x00007ff87977a000 	C:\Program Files\Android\Android Studio1\jbr\bin\jimage.dll
0x00007ff84b300000 - 0x00007ff84b318000 	C:\Program Files\Android\Android Studio1\jbr\bin\zip.dll

dbghelp: loaded successfully - version: 4.0.5 - missing functions: none
symbol engine: initialized successfully - sym options: 0x614 - pdb path: .;C:\Program Files\Android\Android Studio1\jbr\bin;C:\WINDOWS\SYSTEM32;C:\WINDOWS\WinSxS\amd64_microsoft.windows.common-controls_6595b64144ccf1df_6.0.19041.3636_none_60b6a03d71f818d5;C:\Program Files\Android\Android Studio1\jbr\bin\server

VM Arguments:
java_command: git4idea.http.GitAskPassApp Username for 'https://github.com': 
java_class_path (initial): C:/Program Files/Android/Android Studio1/plugins/git4idea/lib/git4idea-rt.jar;C:/Program Files/Android/Android Studio1/lib/externalProcess-rt.jar;C:/Program Files/Android/Android Studio1/lib/app.jar;C:/Program Files/Android/Android Studio1/lib/3rd-party-rt.jar
Launcher Type: SUN_STANDARD

[Global flags]
     intx CICompilerCount                          = 4                                         {product} {ergonomic}
     uint ConcGCThreads                            = 3                                         {product} {ergonomic}
     uint G1ConcRefinementThreads                  = 10                                        {product} {ergonomic}
   size_t G1HeapRegionSize                         = 1048576                                   {product} {ergonomic}
    uintx GCDrainStackTargetSize                   = 64                                        {product} {ergonomic}
   size_t InitialHeapSize                          = 232783872                                 {product} {ergonomic}
   size_t MarkStackSize                            = 4194304                                   {product} {ergonomic}
   size_t MaxHeapSize                              = 3720347648                                {product} {ergonomic}
   size_t MinHeapDeltaBytes                        = 1048576                                   {product} {ergonomic}
    uintx NonNMethodCodeHeapSize                   = 5836300                                {pd product} {ergonomic}
    uintx NonProfiledCodeHeapSize                  = 122910970                              {pd product} {ergonomic}
    uintx ProfiledCodeHeapSize                     = 122910970                              {pd product} {ergonomic}
    uintx ReservedCodeCacheSize                    = 251658240                              {pd product} {ergonomic}
     bool SegmentedCodeCache                       = true                                      {product} {ergonomic}
     bool UseCompressedClassPointers               = true                                 {lp64_product} {ergonomic}
     bool UseCompressedOops                        = true                                 {lp64_product} {ergonomic}
     bool UseG1GC                                  = true                                      {product} {ergonomic}
     bool UseLargePagesIndividualAllocation        = false                                  {pd product} {ergonomic}

Logging:
Log output configuration:
 #0: stdout all=warning uptime,level,tags
 #1: stderr all=off uptime,level,tags

Environment Variables:
PATH=C:\Program Files\Git\mingw64\libexec\git-core;C:\Program Files\Git\mingw64\libexec\git-core;C:\Program Files\Git\mingw64\bin;C:\Program Files\Git\usr\bin;C:\Users\danie\bin;C:\Python311\Scripts;C:\Python311;C:\Program Files\Common Files\Oracle\Java\javapath;C:\Program Files (x86)\Common Files\Oracle\Java\javapath;C:\Windows\system32;C:\Windows;C:\Windows\System32\Wbem;C:\Windows\System32\WindowsPowerShell\v1.0;C:\Windows\System32\OpenSSH;C:\Program Files (x86)\NVIDIA Corporation\PhysX\Common;C:\Program Files\NVIDIA Corporation\NVIDIA NvDLISR;C:\WINDOWS\system32;C:\WINDOWS;C:\WINDOWS\System32\Wbem;C:\WINDOWS\System32\WindowsPowerShell\v1.0;C:\WINDOWS\System32\OpenSSH;C:\Program Files (x86)\dotnet;C:\Program Files\Git\cmd;C:\Program Files\nodejs;C:\ProgramData\chocolatey\bin;C:\Program Files\dotnet;C:\Program Files\MongoDB\Server\6.0\bin;C:\Users\danie\AppData\Local\Microsoft\WindowsApps;C:\Users\danie\AppData\Local\Programs\Microsoft VS Code\bin;C:\Users\danie\AppData\Roaming\npm
USERNAME=danie
DISPLAY=:0.0
LC_ALL=en_US.UTF-8
OS=Windows_NT
PROCESSOR_IDENTIFIER=AMD64 Family 25 Model 80 Stepping 0, AuthenticAMD



---------------  S Y S T E M  ---------------

OS: Windows 10 , 64 bit Build 19041 (10.0.19041.3636)
OS uptime: 1 days 20:15 hours
Hyper-V role detected

CPU:total 12 (initial active 12) (12 cores per cpu, 2 threads per core) family 25 model 80 stepping 0 microcode 0x0, cmov, cx8, fxsr, mmx, sse, sse2, sse3, ssse3, sse4.1, sse4.2, popcnt, avx, avx2, aes, clmul, erms, mmxext, 3dnowpref, lzcnt, sse4a, ht, tsc, tscinvbit, tscinv, bmi1, bmi2, adx, sha, fma

Memory: 4k page, system-wide physical 14188M (486M free)
TotalPageFile size 57196M (AvailPageFile size 53M)
current process WorkingSet (physical memory assigned to process): 10M, peak: 10M
current process commit charge ("private bytes"): 64M, peak: 286M

vm_info: OpenJDK 64-Bit Server VM (11.0.15+0-b2043.56-8887301) for windows-amd64 JRE (11.0.15+0-b2043.56-8887301), built on Jul 29 2022 23:19:47 by "builduser" with unknown MS VC++:1929

END.
